<?xml version="1.0" encoding="UTF-8"?>
<!-- Generated by org.testng.reporters.JUnitReportReporter -->
<testsuite hostname="HYDNBK131485" name="example.NewTest" tests="1" failures="0" timestamp="21 Aug 2019 10:23:52 GMT" time="6.447" errors="0">
  <testcase name="testEasy" time="6.447" classname="example.NewTest"/>
</testsuite> <!-- example.NewTest -->
